This file contains any messages produced by compilers while
running configure, to aid debugging if configure makes a mistake.

It was created by wolfssl configure 5.8.2, which was
generated by GNU Autoconf 2.71.  Invocation command line was

  $ ../wolfssl/configure --enable-debug --enable-dtls --enable-dtls13 --enable-dtlscid --enable-opensslextra --enable-psk --enable-curve25519 --enable-sha3 --enable-mlkem --enable-shake128 --enable-shake256 --enable-kyber

## --------- ##
## Platform. ##
## --------- ##

hostname = DTLSserver
uname -m = x86_64
uname -r = 6.1.0-35-amd64
uname -s = Linux
uname -v = #1 SMP PREEMPT_DYNAMIC Debian 6.1.137-1 (2025-05-07)

/usr/bin/uname -p = unknown
/bin/uname -X     = unknown

/bin/arch              = x86_64
/usr/bin/arch -k       = unknown
/usr/convex/getsysinfo = unknown
/usr/bin/hostinfo      = unknown
/bin/machine           = unknown
/usr/bin/oslevel       = unknown
/bin/universe          = unknown

PATH: /usr/local/sbin/
PATH: /usr/local/bin/
PATH: /usr/sbin/
PATH: /usr/bin/
PATH: /sbin/
PATH: /bin/


## ----------- ##
## Core tests. ##
## ----------- ##

configure:4125: looking for aux files: ltmain.sh missing install-sh config.guess config.sub compile
configure:4138:  trying ../wolfssl/build-aux/
configure:4167:   ../wolfssl/build-aux/ltmain.sh found
configure:4167:   ../wolfssl/build-aux/missing found
configure:4149:   ../wolfssl/build-aux/install-sh found
configure:4167:   ../wolfssl/build-aux/config.guess found
configure:4167:   ../wolfssl/build-aux/config.sub found
configure:4167:   ../wolfssl/build-aux/compile found
configure:4282: checking whether to enable maintainer-specific portions of Makefiles
configure:4292: result: no
configure:4377: checking for gcc
configure:4398: found /usr/bin/gcc
configure:4409: result: gcc
configure:4762: checking for C compiler version
configure:4771: gcc --version >&5
gcc (Debian 12.2.0-14+deb12u1) 12.2.0
Copyright (C) 2022 Free Software Foundation, Inc.
This is free software; see the source for copying conditions.  There is NO
warranty; not even for MERCHANTABILITY or FITNESS FOR A PARTICULAR PURPOSE.

configure:4782: $? = 0
configure:4771: gcc -v >&5
Using built-in specs.
COLLECT_GCC=gcc
COLLECT_LTO_WRAPPER=/usr/lib/gcc/x86_64-linux-gnu/12/lto-wrapper
OFFLOAD_TARGET_NAMES=nvptx-none:amdgcn-amdhsa
OFFLOAD_TARGET_DEFAULT=1
Target: x86_64-linux-gnu
Configured with: ../src/configure -v --with-pkgversion='Debian 12.2.0-14+deb12u1' --with-bugurl=file:///usr/share/doc/gcc-12/README.Bugs --enable-languages=c,ada,c++,go,d,fortran,objc,obj-c++,m2 --prefix=/usr --with-gcc-major-version-only --program-suffix=-12 --program-prefix=x86_64-linux-gnu- --enable-shared --enable-linker-build-id --libexecdir=/usr/lib --without-included-gettext --enable-threads=posix --libdir=/usr/lib --enable-nls --enable-clocale=gnu --enable-libstdcxx-debug --enable-libstdcxx-time=yes --with-default-libstdcxx-abi=new --enable-gnu-unique-object --disable-vtable-verify --enable-plugin --enable-default-pie --with-system-zlib --enable-libphobos-checking=release --with-target-system-zlib=auto --enable-objc-gc=auto --enable-multiarch --disable-werror --enable-cet --with-arch-32=i686 --with-abi=m64 --with-multilib-list=m32,m64,mx32 --enable-multilib --with-tune=generic --enable-offload-targets=nvptx-none=/build/reproducible-path/gcc-12-12.2.0/debian/tmp-nvptx/usr,amdgcn-amdhsa=/build/reproducible-path/gcc-12-12.2.0/debian/tmp-gcn/usr --enable-offload-defaulted --without-cuda-driver --enable-checking=release --build=x86_64-linux-gnu --host=x86_64-linux-gnu --target=x86_64-linux-gnu
Thread model: posix
Supported LTO compression algorithms: zlib zstd
gcc version 12.2.0 (Debian 12.2.0-14+deb12u1) 
... rest of stderr output deleted ...
configure:4782: $? = 0
configure:4771: gcc -V >&5
gcc: error: unrecognized command-line option '-V'
gcc: fatal error: no input files
compilation terminated.
configure:4782: $? = 1
configure:4771: gcc -qversion >&5
gcc: error: unrecognized command-line option '-qversion'; did you mean '--version'?
gcc: fatal error: no input files
compilation terminated.
configure:4782: $? = 1
configure:4771: gcc -version >&5
gcc: error: unrecognized command-line option '-version'
gcc: fatal error: no input files
compilation terminated.
configure:4782: $? = 1
configure:4802: checking whether the C compiler works
configure:4824: gcc      conftest.c  >&5
configure:4828: $? = 0
configure:4878: result: yes
configure:4881: checking for C compiler default output file name
configure:4883: result: a.out
configure:4889: checking for suffix of executables
configure:4896: gcc -o conftest      conftest.c  >&5
configure:4900: $? = 0
configure:4923: result: 
configure:4945: checking whether we are cross compiling
configure:4953: gcc -o conftest      conftest.c  >&5
configure:4957: $? = 0
configure:4964: ./conftest
configure:4968: $? = 0
configure:4983: result: no
configure:4988: checking for suffix of object files
configure:5011: gcc -c     conftest.c >&5
configure:5015: $? = 0
configure:5037: result: o
configure:5041: checking whether the compiler supports GNU C
configure:5061: gcc -c     conftest.c >&5
configure:5061: $? = 0
configure:5071: result: yes
configure:5082: checking whether gcc accepts -g
configure:5103: gcc -c -g  conftest.c >&5
configure:5103: $? = 0
configure:5147: result: yes
configure:5167: checking for gcc option to enable C11 features
configure:5182: gcc  -c     conftest.c >&5
configure:5182: $? = 0
configure:5200: result: none needed
configure:5321: checking whether gcc understands -c and -o together
configure:5344: gcc -c conftest.c -o conftest2.o
configure:5347: $? = 0
configure:5344: gcc -c conftest.c -o conftest2.o
configure:5347: $? = 0
configure:5359: result: yes
configure:5383: checking build system type
configure:5398: result: x86_64-pc-linux-gnu
configure:5418: checking host system type
configure:5432: result: x86_64-pc-linux-gnu
configure:5452: checking target system type
configure:5466: result: x86_64-pc-linux-gnu
configure:5511: checking for a BSD-compatible install
configure:5584: result: /usr/bin/install -c
configure:5595: checking whether build environment is sane
configure:5650: result: yes
configure:5805: checking for a race-free mkdir -p
configure:5849: result: /usr/bin/mkdir -p
configure:5856: checking for gawk
configure:5877: found /usr/bin/gawk
configure:5888: result: gawk
configure:5899: checking whether make sets $(MAKE)
configure:5922: result: yes
configure:5944: checking whether make supports the include directive
configure:5959: make -f confmf.GNU && cat confinc.out
this is the am__doit target
configure:5962: $? = 0
configure:5981: result: yes (GNU style)
configure:6016: checking whether make supports nested variables
configure:6034: result: yes
configure:6051: error: source directory already configured; run "make distclean" there first

## ---------------- ##
## Cache variables. ##
## ---------------- ##

ac_cv_build=x86_64-pc-linux-gnu
ac_cv_c_compiler_gnu=yes
ac_cv_env_CCASFLAGS_set=
ac_cv_env_CCASFLAGS_value=
ac_cv_env_CCAS_set=
ac_cv_env_CCAS_value=
ac_cv_env_CC_set=
ac_cv_env_CC_value=
ac_cv_env_CFLAGS_set=
ac_cv_env_CFLAGS_value=
ac_cv_env_CPPFLAGS_set=
ac_cv_env_CPPFLAGS_value=
ac_cv_env_CPP_set=
ac_cv_env_CPP_value=
ac_cv_env_EXTRA_CCASFLAGS_set=
ac_cv_env_EXTRA_CCASFLAGS_value=
ac_cv_env_EXTRA_CFLAGS_set=
ac_cv_env_EXTRA_CFLAGS_value=
ac_cv_env_EXTRA_CPPFLAGS_set=
ac_cv_env_EXTRA_CPPFLAGS_value=
ac_cv_env_EXTRA_LDFLAGS_set=
ac_cv_env_EXTRA_LDFLAGS_value=
ac_cv_env_LDFLAGS_set=
ac_cv_env_LDFLAGS_value=
ac_cv_env_LIBS_set=
ac_cv_env_LIBS_value=
ac_cv_env_LT_SYS_LIBRARY_PATH_set=
ac_cv_env_LT_SYS_LIBRARY_PATH_value=
ac_cv_env_build_alias_set=
ac_cv_env_build_alias_value=
ac_cv_env_host_alias_set=
ac_cv_env_host_alias_value=
ac_cv_env_target_alias_set=
ac_cv_env_target_alias_value=
ac_cv_host=x86_64-pc-linux-gnu
ac_cv_objext=o
ac_cv_path_install='/usr/bin/install -c'
ac_cv_path_mkdir=/usr/bin/mkdir
ac_cv_prog_AWK=gawk
ac_cv_prog_ac_ct_CC=gcc
ac_cv_prog_cc_c11=
ac_cv_prog_cc_g=yes
ac_cv_prog_cc_stdc=
ac_cv_prog_make_make_set=yes
ac_cv_target=x86_64-pc-linux-gnu
am_cv_make_support_nested_variables=yes
am_cv_prog_cc_c_o=yes

## ----------------- ##
## Output variables. ##
## ----------------- ##

ACLOCAL=''
AMDEPBACKSLASH='\'
AMDEP_FALSE='#'
AMDEP_TRUE=''
AMINCLUDE=''
AMTAR=''
AM_BACKSLASH='\'
AM_CCASFLAGS=''
AM_CFLAGS=''
AM_CPPFLAGS=''
AM_DEFAULT_V='$(AM_DEFAULT_VERBOSITY)'
AM_DEFAULT_VERBOSITY='1'
AM_LDFLAGS=''
AM_V='$(V)'
AR=''
AS=''
ASFLAGS_FPUSIMD_DISABLE=''
ASFLAGS_FPUSIMD_ENABLE=''
ASFLAGS_FPU_DISABLE_SIMD_ENABLE=''
ASFLAGS_FPU_ENABLE_SIMD_DISABLE=''
AUTOCONF=''
AUTOHEADER=''
AUTOMAKE=''
AWK='gawk'
BUILD_AESCCM_FALSE=''
BUILD_AESCCM_TRUE=''
BUILD_AESGCM_FALSE=''
BUILD_AESGCM_TRUE=''
BUILD_AESNI_FALSE=''
BUILD_AESNI_TRUE=''
BUILD_AESXTS_FALSE=''
BUILD_AESXTS_TRUE=''
BUILD_AES_FALSE=''
BUILD_AES_TRUE=''
BUILD_AFALG_FALSE=''
BUILD_AFALG_TRUE=''
BUILD_ALL_FALSE=''
BUILD_ALL_TRUE=''
BUILD_ARIA_FALSE=''
BUILD_ARIA_TRUE=''
BUILD_ARMASM_CRYPTO_FALSE=''
BUILD_ARMASM_CRYPTO_TRUE=''
BUILD_ARMASM_FALSE=''
BUILD_ARMASM_INLINE_FALSE=''
BUILD_ARMASM_INLINE_TRUE=''
BUILD_ARMASM_NEON_FALSE=''
BUILD_ARMASM_NEON_TRUE=''
BUILD_ARMASM_TRUE=''
BUILD_ARM_32_FALSE=''
BUILD_ARM_32_TRUE=''
BUILD_ARM_64_FALSE=''
BUILD_ARM_64_TRUE=''
BUILD_ARM_NONTHUMB_FALSE=''
BUILD_ARM_NONTHUMB_TRUE=''
BUILD_ARM_THUMB_FALSE=''
BUILD_ARM_THUMB_TRUE=''
BUILD_ASCON_FALSE=''
BUILD_ASCON_TRUE=''
BUILD_ASN_FALSE=''
BUILD_ASN_TRUE=''
BUILD_ASYNCCRYPT_FALSE=''
BUILD_ASYNCCRYPT_TRUE=''
BUILD_AUTOSAR_FALSE=''
BUILD_AUTOSAR_TRUE=''
BUILD_BENCHMARK_FALSE=''
BUILD_BENCHMARK_TRUE=''
BUILD_BLAKE2S_FALSE=''
BUILD_BLAKE2S_TRUE=''
BUILD_BLAKE2_FALSE=''
BUILD_BLAKE2_TRUE=''
BUILD_CAAM_FALSE=''
BUILD_CAAM_TRUE=''
BUILD_CAMELLIA_FALSE=''
BUILD_CAMELLIA_TRUE=''
BUILD_CAVIUM_FALSE=''
BUILD_CAVIUM_TRUE=''
BUILD_CAVIUM_V_FALSE=''
BUILD_CAVIUM_V_TRUE=''
BUILD_CHACHA_FALSE=''
BUILD_CHACHA_NOASM_FALSE=''
BUILD_CHACHA_NOASM_TRUE=''
BUILD_CHACHA_TRUE=''
BUILD_CMAC_FALSE=''
BUILD_CMAC_TRUE=''
BUILD_CODING_FALSE=''
BUILD_CODING_TRUE=''
BUILD_CRL_FALSE=''
BUILD_CRL_MONITOR_FALSE=''
BUILD_CRL_MONITOR_TRUE=''
BUILD_CRL_TRUE=''
BUILD_CRYPTOAUTHLIB_FALSE=''
BUILD_CRYPTOAUTHLIB_TRUE=''
BUILD_CRYPTOCB_FALSE=''
BUILD_CRYPTOCB_TRUE=''
BUILD_CRYPTONLY_FALSE=''
BUILD_CRYPTONLY_TRUE=''
BUILD_CUDA_FALSE=''
BUILD_CUDA_TRUE=''
BUILD_CURVE25519_FALSE=''
BUILD_CURVE25519_INTELASM_FALSE=''
BUILD_CURVE25519_INTELASM_TRUE=''
BUILD_CURVE25519_SMALL_FALSE=''
BUILD_CURVE25519_SMALL_TRUE=''
BUILD_CURVE25519_TRUE=''
BUILD_CURVE448_FALSE=''
BUILD_CURVE448_SMALL_FALSE=''
BUILD_CURVE448_SMALL_TRUE=''
BUILD_CURVE448_TRUE=''
BUILD_DES3_FALSE=''
BUILD_DES3_TRUE=''
BUILD_DEVCRYPTO_FALSE=''
BUILD_DEVCRYPTO_TRUE=''
BUILD_DH_FALSE=''
BUILD_DH_TRUE=''
BUILD_DILITHIUM_FALSE=''
BUILD_DILITHIUM_TRUE=''
BUILD_DISTRO_FALSE=''
BUILD_DISTRO_TRUE=''
BUILD_DO178_FALSE=''
BUILD_DO178_TRUE=''
BUILD_DSA_FALSE=''
BUILD_DSA_TRUE=''
BUILD_DTLS13_FALSE=''
BUILD_DTLS13_TRUE=''
BUILD_DTLS_CID_FALSE=''
BUILD_DTLS_CID_TRUE=''
BUILD_DTLS_FALSE=''
BUILD_DTLS_TRUE=''
BUILD_ECCSI_FALSE=''
BUILD_ECCSI_TRUE=''
BUILD_ECC_FALSE=''
BUILD_ECC_TRUE=''
BUILD_ED25519_FALSE=''
BUILD_ED25519_SMALL_FALSE=''
BUILD_ED25519_SMALL_TRUE=''
BUILD_ED25519_TRUE=''
BUILD_ED448_FALSE=''
BUILD_ED448_SMALL_FALSE=''
BUILD_ED448_SMALL_TRUE=''
BUILD_ED448_TRUE=''
BUILD_ERROR_STRINGS_FALSE=''
BUILD_ERROR_STRINGS_TRUE=''
BUILD_EXAMPLE_ASN1_FALSE=''
BUILD_EXAMPLE_ASN1_TRUE=''
BUILD_EXAMPLE_CLIENTS_FALSE=''
BUILD_EXAMPLE_CLIENTS_TRUE=''
BUILD_EXAMPLE_SERVERS_FALSE=''
BUILD_EXAMPLE_SERVERS_TRUE=''
BUILD_FASTMATH_FALSE=''
BUILD_FASTMATH_TRUE=''
BUILD_FE448_FALSE=''
BUILD_FE448_TRUE=''
BUILD_FEMATH_FALSE=''
BUILD_FEMATH_TRUE=''
BUILD_FIPS_CURRENT_FALSE=''
BUILD_FIPS_CURRENT_TRUE=''
BUILD_FIPS_FALSE=''
BUILD_FIPS_RAND_FALSE=''
BUILD_FIPS_RAND_TRUE=''
BUILD_FIPS_TRUE=''
BUILD_FIPS_V1_FALSE=''
BUILD_FIPS_V1_TRUE=''
BUILD_FIPS_V2_FALSE=''
BUILD_FIPS_V2_TRUE=''
BUILD_FIPS_V5_FALSE=''
BUILD_FIPS_V5_TRUE=''
BUILD_FIPS_V6_FALSE=''
BUILD_FIPS_V6_TRUE=''
BUILD_GE448_FALSE=''
BUILD_GE448_TRUE=''
BUILD_GEMATH_FALSE=''
BUILD_GEMATH_TRUE=''
BUILD_HASHFLAGS_FALSE=''
BUILD_HASHFLAGS_TRUE=''
BUILD_HEAPMATH_FALSE=''
BUILD_HEAPMATH_TRUE=''
BUILD_HMAC_FALSE=''
BUILD_HMAC_TRUE=''
BUILD_HPKE_FALSE=''
BUILD_HPKE_TRUE=''
BUILD_INLINE_FALSE=''
BUILD_INLINE_TRUE=''
BUILD_INTELASM_FALSE=''
BUILD_INTELASM_TRUE=''
BUILD_INTEL_QA_FALSE=''
BUILD_INTEL_QA_SYNC_FALSE=''
BUILD_INTEL_QA_SYNC_TRUE=''
BUILD_INTEL_QA_TRUE=''
BUILD_IOTSAFE_FALSE=''
BUILD_IOTSAFE_HWRNG_FALSE=''
BUILD_IOTSAFE_HWRNG_TRUE=''
BUILD_IOTSAFE_TRUE=''
BUILD_IPV6_FALSE=''
BUILD_IPV6_TRUE=''
BUILD_KCAPI_FALSE=''
BUILD_KCAPI_TRUE=''
BUILD_KDF_FALSE=''
BUILD_KDF_TRUE=''
BUILD_LEANPSK_FALSE=''
BUILD_LEANPSK_TRUE=''
BUILD_LEANTLS_FALSE=''
BUILD_LEANTLS_TRUE=''
BUILD_LIBLMS_FALSE=''
BUILD_LIBLMS_TRUE=''
BUILD_LIBOQS_FALSE=''
BUILD_LIBOQS_TRUE=''
BUILD_LIBXMSS_FALSE=''
BUILD_LIBXMSS_TRUE=''
BUILD_LIBZ_FALSE=''
BUILD_LIBZ_TRUE=''
BUILD_LINUXKM_FALSE=''
BUILD_LINUXKM_TRUE=''
BUILD_LOWMEM_FALSE=''
BUILD_LOWMEM_TRUE=''
BUILD_MAXQ10XX_FALSE=''
BUILD_MAXQ10XX_TRUE=''
BUILD_MCAPI_FALSE=''
BUILD_MCAPI_TRUE=''
BUILD_MCAST_FALSE=''
BUILD_MCAST_TRUE=''
BUILD_MD2_FALSE=''
BUILD_MD2_TRUE=''
BUILD_MD4_FALSE=''
BUILD_MD4_TRUE=''
BUILD_MD5_FALSE=''
BUILD_MD5_TRUE=''
BUILD_MEMORY_FALSE=''
BUILD_MEMORY_TRUE=''
BUILD_NO_LIBRARY_FALSE=''
BUILD_NO_LIBRARY_TRUE=''
BUILD_OCSP_FALSE=''
BUILD_OCSP_STAPLING_FALSE=''
BUILD_OCSP_STAPLING_MULTI_FALSE=''
BUILD_OCSP_STAPLING_MULTI_TRUE=''
BUILD_OCSP_STAPLING_TRUE=''
BUILD_OCSP_STAPLING_V2_FALSE=''
BUILD_OCSP_STAPLING_V2_TRUE=''
BUILD_OCSP_TRUE=''
BUILD_OCTEON_SYNC_FALSE=''
BUILD_OCTEON_SYNC_TRUE=''
BUILD_OPENSSL_COMPAT_FALSE=''
BUILD_OPENSSL_COMPAT_TRUE=''
BUILD_PKCALLBACKS_FALSE=''
BUILD_PKCALLBACKS_TRUE=''
BUILD_PKCS11_FALSE=''
BUILD_PKCS11_TRUE=''
BUILD_PKCS12_FALSE=''
BUILD_PKCS12_TRUE=''
BUILD_PKCS7_FALSE=''
BUILD_PKCS7_TRUE=''
BUILD_PKCS8_FALSE=''
BUILD_PKCS8_TRUE=''
BUILD_PKI_FALSE=''
BUILD_PKI_TRUE=''
BUILD_POLY1305_FALSE=''
BUILD_POLY1305_TRUE=''
BUILD_PPC32_ASM_FALSE=''
BUILD_PPC32_ASM_INLINE_FALSE=''
BUILD_PPC32_ASM_INLINE_TRUE=''
BUILD_PPC32_ASM_TRUE=''
BUILD_PSA_FALSE=''
BUILD_PSA_TRUE=''
BUILD_PSK_FALSE=''
BUILD_PSK_TRUE=''
BUILD_PWDBASED_FALSE=''
BUILD_PWDBASED_TRUE=''
BUILD_QNXCAAM_FALSE=''
BUILD_QNXCAAM_TRUE=''
BUILD_QUIC_FALSE=''
BUILD_QUIC_TRUE=''
BUILD_RC2_FALSE=''
BUILD_RC2_TRUE=''
BUILD_RC4_FALSE=''
BUILD_RC4_TRUE=''
BUILD_RIPEMD_FALSE=''
BUILD_RIPEMD_TRUE=''
BUILD_RISCV_ASM_FALSE=''
BUILD_RISCV_ASM_TRUE=''
BUILD_RNG_FALSE=''
BUILD_RNG_TRUE=''
BUILD_RSA_FALSE=''
BUILD_RSA_TRUE=''
BUILD_SAKKE_FALSE=''
BUILD_SAKKE_TRUE=''
BUILD_SCRYPT_FALSE=''
BUILD_SCRYPT_TRUE=''
BUILD_SCTP_FALSE=''
BUILD_SCTP_TRUE=''
BUILD_SE050_FALSE=''
BUILD_SE050_TRUE=''
BUILD_SELFTEST_FALSE=''
BUILD_SELFTEST_TRUE=''
BUILD_SHA224_FALSE=''
BUILD_SHA224_TRUE=''
BUILD_SHA3_FALSE=''
BUILD_SHA3_TRUE=''
BUILD_SHA512_FALSE=''
BUILD_SHA512_TRUE=''
BUILD_SHA_FALSE=''
BUILD_SHA_TRUE=''
BUILD_SIPHASH_FALSE=''
BUILD_SIPHASH_TRUE=''
BUILD_SM2_FALSE=''
BUILD_SM2_TRUE=''
BUILD_SM3_FALSE=''
BUILD_SM3_TRUE=''
BUILD_SM4_FALSE=''
BUILD_SM4_TRUE=''
BUILD_SMIME_FALSE=''
BUILD_SMIME_TRUE=''
BUILD_SNIFFER_FALSE=''
BUILD_SNIFFER_TRUE=''
BUILD_SNIFFTEST_FALSE=''
BUILD_SNIFFTEST_TRUE=''
BUILD_SP_ARM32_FALSE=''
BUILD_SP_ARM32_TRUE=''
BUILD_SP_ARM64_FALSE=''
BUILD_SP_ARM64_TRUE=''
BUILD_SP_ARM_CORTEX_FALSE=''
BUILD_SP_ARM_CORTEX_TRUE=''
BUILD_SP_ARM_THUMB_FALSE=''
BUILD_SP_ARM_THUMB_TRUE=''
BUILD_SP_C32_FALSE=''
BUILD_SP_C32_TRUE=''
BUILD_SP_C64_FALSE=''
BUILD_SP_C64_TRUE=''
BUILD_SP_FALSE=''
BUILD_SP_INT_FALSE=''
BUILD_SP_INT_TRUE=''
BUILD_SP_TRUE=''
BUILD_SP_X86_64_FALSE=''
BUILD_SP_X86_64_TRUE=''
BUILD_SRP_FALSE=''
BUILD_SRP_TRUE=''
BUILD_SRTP_FALSE=''
BUILD_SRTP_TRUE=''
BUILD_TESTS_FALSE=''
BUILD_TESTS_TRUE=''
BUILD_THREADED_EXAMPLES_FALSE=''
BUILD_THREADED_EXAMPLES_TRUE=''
BUILD_TLS13_FALSE=''
BUILD_TLS13_TRUE=''
BUILD_TROPIC01_FALSE=''
BUILD_TROPIC01_TRUE=''
BUILD_TRUST_PEER_CERT_FALSE=''
BUILD_TRUST_PEER_CERT_TRUE=''
BUILD_WC_LMS_FALSE=''
BUILD_WC_LMS_TRUE=''
BUILD_WC_MLKEM_FALSE=''
BUILD_WC_MLKEM_TRUE=''
BUILD_WC_XMSS_FALSE=''
BUILD_WC_XMSS_TRUE=''
BUILD_WNR_FALSE=''
BUILD_WNR_TRUE=''
BUILD_WOLFCRYPT_TESTS_FALSE=''
BUILD_WOLFCRYPT_TESTS_LIBS_FALSE=''
BUILD_WOLFCRYPT_TESTS_LIBS_TRUE=''
BUILD_WOLFCRYPT_TESTS_TRUE=''
BUILD_WOLFEVENT_FALSE=''
BUILD_WOLFEVENT_TRUE=''
BUILD_X86_ASM_FALSE=''
BUILD_X86_ASM_TRUE=''
BUILD_XCHACHA_FALSE=''
BUILD_XCHACHA_TRUE=''
BUILD_XILINX_FALSE=''
BUILD_XILINX_TRUE=''
CC='gcc'
CCAS=''
CCASDEPMODE=''
CCASFLAGS=''
CCDEPMODE=''
CFLAGS='  '
CFLAGS_AUTO_VECTORIZE_DISABLE=''
CFLAGS_AUTO_VECTORIZE_ENABLE=''
CFLAGS_FPU_DISABLE=''
CFLAGS_FPU_ENABLE=''
CFLAGS_SIMD_DISABLE=''
CFLAGS_SIMD_ENABLE=''
CFLAG_VISIBILITY=''
CPP=''
CPPFLAGS=''
CSCOPE=''
CTAGS=''
CYGPATH_W=''
DEBUG_FALSE=''
DEBUG_TRUE=''
DEFS=''
DEPDIR='.deps'
DLLTOOL=''
DSYMUTIL=''
DUMPBIN=''
ECHO_C=''
ECHO_N='-n'
ECHO_T=''
EGREP=''
ENABLED_ASM=''
ENABLED_CRYPT_TESTS=''
ENABLED_FIPS=''
ENABLED_LINUXKM_BENCHMARKS=''
ENABLED_LINUXKM_LKCAPI_REGISTER=''
ENABLED_LINUXKM_PIE=''
ETAGS=''
EXEEXT=''
EXTRA_CCASFLAGS=''
EXTRA_CFLAGS=''
EXTRA_CPPFLAGS=''
EXTRA_LDFLAGS=''
FGREP=''
FILECMD=''
GENERIC_CONFIG=''
GREP=''
HAVE_OPENSSL_CMD=''
HAVE_VALGRIND=''
HAVE_VISIBILITY=''
HEX_VERSION=''
INCLUDE_SP_INT=''
INC_AMINCLUDE=''
INSTALL_DATA='${INSTALL} -m 644'
INSTALL_PROGRAM='${INSTALL}'
INSTALL_SCRIPT='${INSTALL}'
INSTALL_STRIP_PROGRAM='$(install_sh) -c -s'
IS_VCS_CHECKOUT_FALSE=''
IS_VCS_CHECKOUT_TRUE=''
KERNEL_ARCH=''
KERNEL_ROOT=''
LD=''
LDFLAGS=''
LIBM=''
LIBOBJS=''
LIBS=''
LIBSUFFIX=''
LIBTOOL=''
LIB_ADD=''
LIB_STATIC_ADD=''
LIPO=''
LN_S=''
LTLIBOBJS=''
LT_SYS_LIBRARY_PATH=''
MAINT='#'
MAINTAINER_MODE_FALSE=''
MAINTAINER_MODE_TRUE='#'
MAKEINFO=''
MANIFEST_TOOL=''
MCHECK=''
MKDIR_P='/usr/bin/mkdir -p'
NM=''
NMEDIT=''
OBJDUMP=''
OBJEXT='o'
OTOOL64=''
OTOOL=''
PACKAGE=''
PACKAGE_BUGREPORT='https://github.com/wolfssl/wolfssl/issues'
PACKAGE_NAME='wolfssl'
PACKAGE_STRING='wolfssl 5.8.2'
PACKAGE_TARNAME='wolfssl'
PACKAGE_URL='https://www.wolfssl.com'
PACKAGE_VERSION='5.8.2'
PATH_SEPARATOR=':'
PSA_INCLUDE=''
PSA_LIB=''
PSA_LIB_NAME=''
PTHREAD_CC=''
PTHREAD_CFLAGS=''
PTHREAD_CXX=''
PTHREAD_LIBS=''
RANLIB=''
SED=''
SET_MAKE=''
SHELL='/bin/bash'
STRIP=''
USE_VALGRIND_FALSE=''
USE_VALGRIND_TRUE=''
VERSION=''
WOLFSENTRY_INCLUDE=''
WOLFSENTRY_LIB=''
WOLFSSL_BUILD_DATE=''
WOLFSSL_CONFIG_ARGS=''
WOLFSSL_LIBRARY_VERSION=''
WOLFSSL_LIBRARY_VERSION_FIRST=''
WOLFSSL_LIBRARY_VERSION_SECOND=''
WOLFSSL_LIBRARY_VERSION_THIRD=''
XMSS_ROOT=''
ac_ct_AR=''
ac_ct_CC='gcc'
ac_ct_DUMPBIN=''
am__EXEEXT_FALSE=''
am__EXEEXT_TRUE=''
am__fastdepCCAS_FALSE=''
am__fastdepCCAS_TRUE=''
am__fastdepCC_FALSE=''
am__fastdepCC_TRUE=''
am__include='include'
am__isrc=' -I$(srcdir)'
am__leading_dot='.'
am__nodep='_no'
am__quote=''
am__tar=''
am__untar=''
ax_pthread_config=''
bindir='${exec_prefix}/bin'
build='x86_64-pc-linux-gnu'
build_alias=''
build_cpu='x86_64'
build_os='linux-gnu'
build_vendor='pc'
datadir='${datarootdir}'
datarootdir='${prefix}/share'
docdir='${datarootdir}/doc/${PACKAGE_TARNAME}'
dvidir='${docdir}'
exec_prefix='NONE'
host='x86_64-pc-linux-gnu'
host_alias=''
host_cpu='x86_64'
host_os='linux-gnu'
host_vendor='pc'
htmldir='${docdir}'
includedir='${prefix}/include'
infodir='${datarootdir}/info'
install_sh='${SHELL} /root/wolfssl/build-aux/install-sh'
libdir='${exec_prefix}/lib'
libexecdir='${exec_prefix}/libexec'
localedir='${datarootdir}/locale'
localstatedir='${prefix}/var'
mandir='${datarootdir}/man'
mkdir_p=''
oldincludedir='/usr/include'
pdfdir='${docdir}'
prefix='NONE'
program_transform_name='s,x,x,'
psdir='${docdir}'
runstatedir='${localstatedir}/run'
sbindir='${exec_prefix}/sbin'
sharedstatedir='${prefix}/com'
sysconfdir='${prefix}/etc'
target='x86_64-pc-linux-gnu'
target_alias=''
target_cpu='x86_64'
target_os='linux-gnu'
target_vendor='pc'

## ----------- ##
## confdefs.h. ##
## ----------- ##

/* confdefs.h */
#define PACKAGE_NAME "wolfssl"
#define PACKAGE_TARNAME "wolfssl"
#define PACKAGE_VERSION "5.8.2"
#define PACKAGE_STRING "wolfssl 5.8.2"
#define PACKAGE_BUGREPORT "https://github.com/wolfssl/wolfssl/issues"
#define PACKAGE_URL "https://www.wolfssl.com"

configure: exit 1
